mode: set
github.com/noggrj/autorepair/internal/inventory/domain/part.go:19.84,20.18 1 1
github.com/noggrj/autorepair/internal/inventory/domain/part.go:20.18,22.3 1 0
github.com/noggrj/autorepair/internal/inventory/domain/part.go:23.2,23.15 1 1
github.com/noggrj/autorepair/internal/inventory/domain/part.go:23.15,25.3 1 0
github.com/noggrj/autorepair/internal/inventory/domain/part.go:27.2,33.8 1 1
github.com/noggrj/autorepair/internal/inventory/domain/part.go:36.43,37.22 1 1
github.com/noggrj/autorepair/internal/inventory/domain/part.go:37.22,39.3 1 1
github.com/noggrj/autorepair/internal/inventory/domain/part.go:40.2,41.12 2 1
github.com/noggrj/autorepair/internal/inventory/domain/part.go:44.34,46.2 1 0
github.com/noggrj/autorepair/internal/inventory/infrastructure/part_repository.go:17.74,19.2 1 1
github.com/noggrj/autorepair/internal/inventory/infrastructure/part_repository.go:21.85,25.2 3 1
github.com/noggrj/autorepair/internal/inventory/infrastructure/part_repository.go:27.99,33.16 5 1
github.com/noggrj/autorepair/internal/inventory/infrastructure/part_repository.go:33.16,34.36 1 0
github.com/noggrj/autorepair/internal/inventory/infrastructure/part_repository.go:34.36,36.4 1 0
github.com/noggrj/autorepair/internal/inventory/infrastructure/part_repository.go:37.3,37.18 1 0
github.com/noggrj/autorepair/internal/inventory/infrastructure/part_repository.go:39.2,39.19 1 1
github.com/noggrj/autorepair/internal/inventory/infrastructure/part_repository.go:42.87,46.2 3 1
github.com/noggrj/autorepair/internal/inventory/infrastructure/part_repository.go:48.84,51.16 3 1
github.com/noggrj/autorepair/internal/inventory/infrastructure/part_repository.go:51.16,53.3 1 0
github.com/noggrj/autorepair/internal/inventory/infrastructure/part_repository.go:54.2,57.18 3 1
github.com/noggrj/autorepair/internal/inventory/infrastructure/part_repository.go:57.18,59.90 2 1
github.com/noggrj/autorepair/internal/inventory/infrastructure/part_repository.go:59.90,61.4 1 0
github.com/noggrj/autorepair/internal/inventory/infrastructure/part_repository.go:62.3,62.28 1 1
github.com/noggrj/autorepair/internal/inventory/infrastructure/part_repository.go:64.2,64.19 1 1
github.com/noggrj/autorepair/internal/platform/db/db.go:15.35,17.16 2 1
github.com/noggrj/autorepair/internal/platform/db/db.go:17.16,19.3 1 0
github.com/noggrj/autorepair/internal/platform/db/db.go:21.2,27.16 6 1
github.com/noggrj/autorepair/internal/platform/db/db.go:27.16,29.3 1 0
github.com/noggrj/autorepair/internal/platform/db/db.go:31.2,31.56 1 1
github.com/noggrj/autorepair/internal/platform/db/db.go:31.56,33.3 1 0
github.com/noggrj/autorepair/internal/platform/db/db.go:35.2,35.29 1 1
github.com/noggrj/autorepair/internal/platform/db/db.go:38.23,40.2 1 1
github.com/noggrj/autorepair/internal/inventory/domain/part.go:19.84,20.18 1 1
github.com/noggrj/autorepair/internal/inventory/domain/part.go:20.18,22.3 1 1
github.com/noggrj/autorepair/internal/inventory/domain/part.go:23.2,23.15 1 1
github.com/noggrj/autorepair/internal/inventory/domain/part.go:23.15,25.3 1 1
github.com/noggrj/autorepair/internal/inventory/domain/part.go:27.2,33.8 1 1
github.com/noggrj/autorepair/internal/inventory/domain/part.go:36.43,37.22 1 1
github.com/noggrj/autorepair/internal/inventory/domain/part.go:37.22,39.3 1 1
github.com/noggrj/autorepair/internal/inventory/domain/part.go:40.2,41.12 2 1
github.com/noggrj/autorepair/internal/inventory/domain/part.go:44.34,46.2 1 0
github.com/noggrj/autorepair/internal/inventory/domain/part.go:19.84,20.18 1 1
github.com/noggrj/autorepair/internal/inventory/domain/part.go:20.18,22.3 1 0
github.com/noggrj/autorepair/internal/inventory/domain/part.go:23.2,23.15 1 1
github.com/noggrj/autorepair/internal/inventory/domain/part.go:23.15,25.3 1 0
github.com/noggrj/autorepair/internal/inventory/domain/part.go:27.2,33.8 1 1
github.com/noggrj/autorepair/internal/inventory/domain/part.go:36.43,37.22 1 0
github.com/noggrj/autorepair/internal/inventory/domain/part.go:37.22,39.3 1 0
github.com/noggrj/autorepair/internal/inventory/domain/part.go:40.2,41.12 2 0
github.com/noggrj/autorepair/internal/inventory/domain/part.go:44.34,46.2 1 0
github.com/noggrj/autorepair/internal/inventory/infrastructure/part_repository.go:17.74,19.2 1 1
github.com/noggrj/autorepair/internal/inventory/infrastructure/part_repository.go:21.85,25.2 3 1
github.com/noggrj/autorepair/internal/inventory/infrastructure/part_repository.go:27.99,33.16 5 1
github.com/noggrj/autorepair/internal/inventory/infrastructure/part_repository.go:33.16,34.36 1 1
github.com/noggrj/autorepair/internal/inventory/infrastructure/part_repository.go:34.36,36.4 1 1
github.com/noggrj/autorepair/internal/inventory/infrastructure/part_repository.go:37.3,37.18 1 1
github.com/noggrj/autorepair/internal/inventory/infrastructure/part_repository.go:39.2,39.19 1 1
github.com/noggrj/autorepair/internal/inventory/infrastructure/part_repository.go:42.87,46.2 3 1
github.com/noggrj/autorepair/internal/inventory/infrastructure/part_repository.go:48.84,51.16 3 1
github.com/noggrj/autorepair/internal/inventory/infrastructure/part_repository.go:51.16,53.3 1 1
github.com/noggrj/autorepair/internal/inventory/infrastructure/part_repository.go:54.2,57.18 3 1
github.com/noggrj/autorepair/internal/inventory/infrastructure/part_repository.go:57.18,59.90 2 1
github.com/noggrj/autorepair/internal/inventory/infrastructure/part_repository.go:59.90,61.4 1 1
github.com/noggrj/autorepair/internal/inventory/infrastructure/part_repository.go:62.3,62.28 1 1
github.com/noggrj/autorepair/internal/inventory/infrastructure/part_repository.go:64.2,64.19 1 1
github.com/noggrj/autorepair/internal/platform/db/db.go:15.35,17.16 2 0
github.com/noggrj/autorepair/internal/platform/db/db.go:17.16,19.3 1 0
github.com/noggrj/autorepair/internal/platform/db/db.go:21.2,27.16 6 0
github.com/noggrj/autorepair/internal/platform/db/db.go:27.16,29.3 1 0
github.com/noggrj/autorepair/internal/platform/db/db.go:31.2,31.56 1 0
github.com/noggrj/autorepair/internal/platform/db/db.go:31.56,33.3 1 0
github.com/noggrj/autorepair/internal/platform/db/db.go:35.2,35.29 1 0
github.com/noggrj/autorepair/internal/platform/db/db.go:38.23,40.2 1 0
github.com/noggrj/autorepair/internal/platform/auth/jwt.go:19.82,31.16 5 1
github.com/noggrj/autorepair/internal/platform/auth/jwt.go:31.16,33.3 1 0
github.com/noggrj/autorepair/internal/platform/auth/jwt.go:35.2,44.16 4 1
github.com/noggrj/autorepair/internal/platform/auth/jwt.go:44.16,46.3 1 0
github.com/noggrj/autorepair/internal/platform/auth/jwt.go:48.2,48.90 1 1
github.com/noggrj/autorepair/internal/platform/auth/jwt.go:51.57,52.104 1 1
github.com/noggrj/autorepair/internal/platform/auth/jwt.go:52.104,54.3 1 1
github.com/noggrj/autorepair/internal/platform/auth/jwt.go:56.2,56.16 1 1
github.com/noggrj/autorepair/internal/platform/auth/jwt.go:56.16,58.3 1 1
github.com/noggrj/autorepair/internal/platform/auth/jwt.go:60.2,60.61 1 1
github.com/noggrj/autorepair/internal/platform/auth/jwt.go:60.61,62.3 1 1
github.com/noggrj/autorepair/internal/platform/auth/jwt.go:64.2,64.41 1 0
github.com/noggrj/autorepair/internal/service/domain/client.go:25.65,26.16 1 1
github.com/noggrj/autorepair/internal/service/domain/client.go:26.16,28.3 1 1
github.com/noggrj/autorepair/internal/service/domain/client.go:30.2,31.16 2 1
github.com/noggrj/autorepair/internal/service/domain/client.go:31.16,33.3 1 1
github.com/noggrj/autorepair/internal/service/domain/client.go:35.2,43.8 1 1
github.com/noggrj/autorepair/internal/service/domain/order.go:48.62,49.51 1 1
github.com/noggrj/autorepair/internal/service/domain/order.go:49.51,51.3 1 1
github.com/noggrj/autorepair/internal/service/domain/order.go:53.2,61.8 1 1
github.com/noggrj/autorepair/internal/service/domain/order.go:64.109,65.14 1 1
github.com/noggrj/autorepair/internal/service/domain/order.go:65.14,67.3 1 1
github.com/noggrj/autorepair/internal/service/domain/order.go:68.2,68.15 1 1
github.com/noggrj/autorepair/internal/service/domain/order.go:68.15,70.3 1 1
github.com/noggrj/autorepair/internal/service/domain/order.go:72.2,88.12 6 1
github.com/noggrj/autorepair/internal/service/domain/order.go:91.34,94.31 2 1
github.com/noggrj/autorepair/internal/service/domain/order.go:94.31,95.35 1 1
github.com/noggrj/autorepair/internal/service/domain/order.go:95.35,97.4 1 1
github.com/noggrj/autorepair/internal/service/domain/order.go:97.9,99.4 1 0
github.com/noggrj/autorepair/internal/service/domain/order.go:102.2,104.57 3 1
github.com/noggrj/autorepair/internal/service/domain/service.go:24.76,25.16 1 1
github.com/noggrj/autorepair/internal/service/domain/service.go:25.16,27.3 1 1
github.com/noggrj/autorepair/internal/service/domain/service.go:28.2,28.15 1 1
github.com/noggrj/autorepair/internal/service/domain/service.go:28.15,30.3 1 1
github.com/noggrj/autorepair/internal/service/domain/service.go:32.2,39.8 1 1
github.com/noggrj/autorepair/internal/service/domain/vehicle.go:26.93,27.26 1 1
github.com/noggrj/autorepair/internal/service/domain/vehicle.go:27.26,29.3 1 1
github.com/noggrj/autorepair/internal/service/domain/vehicle.go:30.2,30.32 1 1
github.com/noggrj/autorepair/internal/service/domain/vehicle.go:30.32,32.3 1 1
github.com/noggrj/autorepair/internal/service/domain/vehicle.go:33.2,33.47 1 1
github.com/noggrj/autorepair/internal/service/domain/vehicle.go:33.47,35.3 1 1
github.com/noggrj/autorepair/internal/service/domain/vehicle.go:37.2,38.16 2 1
github.com/noggrj/autorepair/internal/service/domain/vehicle.go:38.16,40.3 1 1
github.com/noggrj/autorepair/internal/service/domain/vehicle.go:42.2,51.8 1 1
github.com/noggrj/autorepair/internal/sharedkernel/doc.go:17.54,22.42 2 1
github.com/noggrj/autorepair/internal/sharedkernel/doc.go:22.42,24.3 1 1
github.com/noggrj/autorepair/internal/sharedkernel/doc.go:26.2,26.39 1 1
github.com/noggrj/autorepair/internal/sharedkernel/doc.go:29.38,31.2 1 0
github.com/noggrj/autorepair/internal/sharedkernel/doc.go:33.52,35.2 1 0
github.com/noggrj/autorepair/internal/sharedkernel/plate.go:18.48,26.74 4 1
github.com/noggrj/autorepair/internal/sharedkernel/plate.go:26.74,28.3 1 1
github.com/noggrj/autorepair/internal/sharedkernel/plate.go:30.2,30.35 1 1
github.com/noggrj/autorepair/internal/sharedkernel/plate.go:33.34,35.2 1 0
github.com/noggrj/autorepair/internal/sharedkernel/plate.go:37.48,39.2 1 0
github.com/noggrj/autorepair/internal/platform/auth/jwt.go:19.82,31.16 5 1
github.com/noggrj/autorepair/internal/platform/auth/jwt.go:31.16,33.3 1 0
github.com/noggrj/autorepair/internal/platform/auth/jwt.go:35.2,44.16 4 1
github.com/noggrj/autorepair/internal/platform/auth/jwt.go:44.16,46.3 1 0
github.com/noggrj/autorepair/internal/platform/auth/jwt.go:48.2,48.90 1 1
github.com/noggrj/autorepair/internal/platform/auth/jwt.go:51.57,52.104 1 1
github.com/noggrj/autorepair/internal/platform/auth/jwt.go:52.104,54.3 1 1
github.com/noggrj/autorepair/internal/platform/auth/jwt.go:56.2,56.16 1 1
github.com/noggrj/autorepair/internal/platform/auth/jwt.go:56.16,58.3 1 1
github.com/noggrj/autorepair/internal/platform/auth/jwt.go:60.2,60.61 1 1
github.com/noggrj/autorepair/internal/platform/auth/jwt.go:60.61,62.3 1 1
github.com/noggrj/autorepair/internal/platform/auth/jwt.go:64.2,64.41 1 0
github.com/noggrj/autorepair/internal/platform/errors/errors.go:12.62,15.83 3 1
github.com/noggrj/autorepair/internal/platform/errors/errors.go:15.83,18.3 1 0
github.com/noggrj/autorepair/internal/platform/errors/errors.go:21.56,23.2 1 0
github.com/noggrj/autorepair/internal/platform/errors/errors.go:25.58,27.2 1 1
github.com/noggrj/autorepair/internal/platform/errors/errors.go:29.55,31.2 1 1
github.com/noggrj/autorepair/internal/platform/errors/errors.go:33.54,35.2 1 0
github.com/noggrj/autorepair/internal/platform/errors/errors.go:37.65,39.2 1 0
github.com/noggrj/autorepair/internal/platform/middleware/auth.go:16.53,17.71 1 1
github.com/noggrj/autorepair/internal/platform/middleware/auth.go:17.71,19.23 2 1
github.com/noggrj/autorepair/internal/platform/middleware/auth.go:19.23,22.4 2 1
github.com/noggrj/autorepair/internal/platform/middleware/auth.go:24.3,25.46 2 1
github.com/noggrj/autorepair/internal/platform/middleware/auth.go:25.46,28.4 2 1
github.com/noggrj/autorepair/internal/platform/middleware/auth.go:30.3,31.17 2 1
github.com/noggrj/autorepair/internal/platform/middleware/auth.go:31.17,34.4 2 1
github.com/noggrj/autorepair/internal/platform/middleware/auth.go:36.3,37.40 2 1
github.com/noggrj/autorepair/internal/platform/middleware/auth.go:41.66,42.46 1 1
github.com/noggrj/autorepair/internal/platform/middleware/auth.go:42.46,43.72 1 1
github.com/noggrj/autorepair/internal/platform/middleware/auth.go:43.72,45.11 2 1
github.com/noggrj/autorepair/internal/platform/middleware/auth.go:45.11,48.5 2 1
github.com/noggrj/autorepair/internal/platform/middleware/auth.go:50.4,50.53 1 1
github.com/noggrj/autorepair/internal/platform/middleware/auth.go:50.53,53.5 2 1
github.com/noggrj/autorepair/internal/platform/middleware/auth.go:55.4,55.24 1 1
github.com/noggrj/autorepair/internal/inventory/domain/part.go:19.84,20.18 1 0
github.com/noggrj/autorepair/internal/inventory/domain/part.go:20.18,22.3 1 0
github.com/noggrj/autorepair/internal/inventory/domain/part.go:23.2,23.15 1 0
github.com/noggrj/autorepair/internal/inventory/domain/part.go:23.15,25.3 1 0
github.com/noggrj/autorepair/internal/inventory/domain/part.go:27.2,33.8 1 0
github.com/noggrj/autorepair/internal/inventory/domain/part.go:36.43,37.22 1 1
github.com/noggrj/autorepair/internal/inventory/domain/part.go:37.22,39.3 1 1
github.com/noggrj/autorepair/internal/inventory/domain/part.go:40.2,41.12 2 1
github.com/noggrj/autorepair/internal/inventory/domain/part.go:44.34,46.2 1 0
github.com/noggrj/autorepair/internal/service/application/order_service.go:28.17,35.2 1 1
github.com/noggrj/autorepair/internal/service/application/order_service.go:37.64,39.16 2 1
github.com/noggrj/autorepair/internal/service/application/order_service.go:39.16,41.3 1 0
github.com/noggrj/autorepair/internal/service/application/order_service.go:43.2,43.55 1 1
github.com/noggrj/autorepair/internal/service/application/order_service.go:43.55,45.3 1 1
github.com/noggrj/autorepair/internal/service/application/order_service.go:47.2,48.48 2 1
github.com/noggrj/autorepair/internal/service/application/order_service.go:48.48,50.3 1 0
github.com/noggrj/autorepair/internal/service/application/order_service.go:51.2,52.12 2 1
github.com/noggrj/autorepair/internal/service/application/order_service.go:55.60,57.16 2 1
github.com/noggrj/autorepair/internal/service/application/order_service.go:57.16,59.3 1 1
github.com/noggrj/autorepair/internal/service/application/order_service.go:61.2,61.58 1 1
github.com/noggrj/autorepair/internal/service/application/order_service.go:61.58,63.3 1 1
github.com/noggrj/autorepair/internal/service/application/order_service.go:65.2,66.48 2 1
github.com/noggrj/autorepair/internal/service/application/order_service.go:66.48,68.3 1 1
github.com/noggrj/autorepair/internal/service/application/order_service.go:71.2,72.16 2 1
github.com/noggrj/autorepair/internal/service/application/order_service.go:72.16,75.3 1 1
github.com/noggrj/autorepair/internal/service/application/order_service.go:76.2,76.167 1 1
github.com/noggrj/autorepair/internal/service/application/order_service.go:76.167,79.3 1 1
github.com/noggrj/autorepair/internal/service/application/order_service.go:81.2,81.12 1 1
github.com/noggrj/autorepair/internal/service/application/order_service.go:84.62,87.16 2 1
github.com/noggrj/autorepair/internal/service/application/order_service.go:87.16,89.3 1 1
github.com/noggrj/autorepair/internal/service/application/order_service.go:93.2,93.116 1 1
github.com/noggrj/autorepair/internal/service/application/order_service.go:93.116,95.3 1 1
github.com/noggrj/autorepair/internal/service/application/order_service.go:98.2,98.35 1 1
github.com/noggrj/autorepair/internal/service/application/order_service.go:98.35,99.46 1 1
github.com/noggrj/autorepair/internal/service/application/order_service.go:99.46,102.18 2 1
github.com/noggrj/autorepair/internal/service/application/order_service.go:102.18,104.5 1 1
github.com/noggrj/autorepair/internal/service/application/order_service.go:106.4,106.58 1 1
github.com/noggrj/autorepair/internal/service/application/order_service.go:106.58,108.5 1 1
github.com/noggrj/autorepair/internal/service/application/order_service.go:110.4,110.72 1 1
github.com/noggrj/autorepair/internal/service/application/order_service.go:110.72,112.5 1 1
github.com/noggrj/autorepair/internal/service/application/order_service.go:117.2,122.48 4 1
github.com/noggrj/autorepair/internal/service/application/order_service.go:122.48,124.3 1 1
github.com/noggrj/autorepair/internal/service/application/order_service.go:127.2,129.12 2 1
github.com/noggrj/autorepair/internal/service/application/order_service.go:132.61,134.16 2 1
github.com/noggrj/autorepair/internal/service/application/order_service.go:134.16,136.3 1 1
github.com/noggrj/autorepair/internal/service/application/order_service.go:138.2,138.58 1 1
github.com/noggrj/autorepair/internal/service/application/order_service.go:138.58,140.3 1 1
github.com/noggrj/autorepair/internal/service/application/order_service.go:142.2,146.48 4 1
github.com/noggrj/autorepair/internal/service/application/order_service.go:146.48,148.3 1 1
github.com/noggrj/autorepair/internal/service/application/order_service.go:149.2,150.12 2 1
github.com/noggrj/autorepair/internal/service/application/order_service.go:153.62,155.16 2 1
github.com/noggrj/autorepair/internal/service/application/order_service.go:155.16,157.3 1 1
github.com/noggrj/autorepair/internal/service/application/order_service.go:159.2,159.56 1 1
github.com/noggrj/autorepair/internal/service/application/order_service.go:159.56,161.3 1 1
github.com/noggrj/autorepair/internal/service/application/order_service.go:163.2,164.48 2 1
github.com/noggrj/autorepair/internal/service/application/order_service.go:164.48,166.3 1 1
github.com/noggrj/autorepair/internal/service/application/order_service.go:167.2,168.12 2 1
github.com/noggrj/autorepair/internal/service/application/order_service.go:171.96,173.16 2 1
github.com/noggrj/autorepair/internal/service/application/order_service.go:173.16,175.3 1 1
github.com/noggrj/autorepair/internal/service/application/order_service.go:177.2,178.48 2 1
github.com/noggrj/autorepair/internal/service/application/order_service.go:178.48,180.3 1 1
github.com/noggrj/autorepair/internal/service/application/order_service.go:182.2,184.12 2 1
github.com/noggrj/autorepair/internal/service/application/order_service.go:187.71,189.16 2 1
github.com/noggrj/autorepair/internal/service/application/order_service.go:189.16,192.3 1 0
github.com/noggrj/autorepair/internal/service/application/order_service.go:194.2,197.74 3 1
github.com/noggrj/autorepair/internal/service/application/order_service.go:197.74,200.3 1 0
github.com/noggrj/autorepair/internal/service/domain/client.go:25.65,26.16 1 0
github.com/noggrj/autorepair/internal/service/domain/client.go:26.16,28.3 1 0
github.com/noggrj/autorepair/internal/service/domain/client.go:30.2,31.16 2 0
github.com/noggrj/autorepair/internal/service/domain/client.go:31.16,33.3 1 0
github.com/noggrj/autorepair/internal/service/domain/client.go:35.2,43.8 1 0
github.com/noggrj/autorepair/internal/service/domain/order.go:48.62,49.51 1 0
github.com/noggrj/autorepair/internal/service/domain/order.go:49.51,51.3 1 0
github.com/noggrj/autorepair/internal/service/domain/order.go:53.2,61.8 1 0
github.com/noggrj/autorepair/internal/service/domain/order.go:64.109,65.14 1 0
github.com/noggrj/autorepair/internal/service/domain/order.go:65.14,67.3 1 0
github.com/noggrj/autorepair/internal/service/domain/order.go:68.2,68.15 1 0
github.com/noggrj/autorepair/internal/service/domain/order.go:68.15,70.3 1 0
github.com/noggrj/autorepair/internal/service/domain/order.go:72.2,88.12 6 0
github.com/noggrj/autorepair/internal/service/domain/order.go:91.34,94.31 2 0
github.com/noggrj/autorepair/internal/service/domain/order.go:94.31,95.35 1 0
github.com/noggrj/autorepair/internal/service/domain/order.go:95.35,97.4 1 0
github.com/noggrj/autorepair/internal/service/domain/order.go:97.9,99.4 1 0
github.com/noggrj/autorepair/internal/service/domain/order.go:102.2,104.57 3 0
github.com/noggrj/autorepair/internal/service/domain/service.go:24.76,25.16 1 0
github.com/noggrj/autorepair/internal/service/domain/service.go:25.16,27.3 1 0
github.com/noggrj/autorepair/internal/service/domain/service.go:28.2,28.15 1 0
github.com/noggrj/autorepair/internal/service/domain/service.go:28.15,30.3 1 0
github.com/noggrj/autorepair/internal/service/domain/service.go:32.2,39.8 1 0
github.com/noggrj/autorepair/internal/service/domain/vehicle.go:26.93,27.26 1 0
github.com/noggrj/autorepair/internal/service/domain/vehicle.go:27.26,29.3 1 0
github.com/noggrj/autorepair/internal/service/domain/vehicle.go:30.2,30.32 1 0
github.com/noggrj/autorepair/internal/service/domain/vehicle.go:30.32,32.3 1 0
github.com/noggrj/autorepair/internal/service/domain/vehicle.go:33.2,33.47 1 0
github.com/noggrj/autorepair/internal/service/domain/vehicle.go:33.47,35.3 1 0
github.com/noggrj/autorepair/internal/service/domain/vehicle.go:37.2,38.16 2 0
github.com/noggrj/autorepair/internal/service/domain/vehicle.go:38.16,40.3 1 0
github.com/noggrj/autorepair/internal/service/domain/vehicle.go:42.2,51.8 1 0
github.com/noggrj/autorepair/internal/sharedkernel/doc.go:17.54,22.42 2 0
github.com/noggrj/autorepair/internal/sharedkernel/doc.go:22.42,24.3 1 0
github.com/noggrj/autorepair/internal/sharedkernel/doc.go:26.2,26.39 1 0
github.com/noggrj/autorepair/internal/sharedkernel/doc.go:29.38,31.2 1 0
github.com/noggrj/autorepair/internal/sharedkernel/doc.go:33.52,35.2 1 0
github.com/noggrj/autorepair/internal/sharedkernel/plate.go:18.48,26.74 4 0
github.com/noggrj/autorepair/internal/sharedkernel/plate.go:26.74,28.3 1 0
github.com/noggrj/autorepair/internal/sharedkernel/plate.go:30.2,30.35 1 0
github.com/noggrj/autorepair/internal/sharedkernel/plate.go:33.34,35.2 1 0
github.com/noggrj/autorepair/internal/sharedkernel/plate.go:37.48,39.2 1 0
github.com/noggrj/autorepair/internal/inventory/domain/part.go:19.84,20.18 1 1
github.com/noggrj/autorepair/internal/inventory/domain/part.go:20.18,22.3 1 0
github.com/noggrj/autorepair/internal/inventory/domain/part.go:23.2,23.15 1 1
github.com/noggrj/autorepair/internal/inventory/domain/part.go:23.15,25.3 1 0
github.com/noggrj/autorepair/internal/inventory/domain/part.go:27.2,33.8 1 1
github.com/noggrj/autorepair/internal/inventory/domain/part.go:36.43,37.22 1 1
github.com/noggrj/autorepair/internal/inventory/domain/part.go:37.22,39.3 1 1
github.com/noggrj/autorepair/internal/inventory/domain/part.go:40.2,41.12 2 0
github.com/noggrj/autorepair/internal/inventory/domain/part.go:44.34,46.2 1 0
github.com/noggrj/autorepair/internal/service/application/order_service.go:28.17,35.2 1 1
github.com/noggrj/autorepair/internal/service/application/order_service.go:37.64,39.16 2 1
github.com/noggrj/autorepair/internal/service/application/order_service.go:39.16,41.3 1 1
github.com/noggrj/autorepair/internal/service/application/order_service.go:43.2,43.55 1 1
github.com/noggrj/autorepair/internal/service/application/order_service.go:43.55,45.3 1 0
github.com/noggrj/autorepair/internal/service/application/order_service.go:47.2,48.48 2 1
github.com/noggrj/autorepair/internal/service/application/order_service.go:48.48,50.3 1 0
github.com/noggrj/autorepair/internal/service/application/order_service.go:51.2,52.12 2 1
github.com/noggrj/autorepair/internal/service/application/order_service.go:55.60,57.16 2 1
github.com/noggrj/autorepair/internal/service/application/order_service.go:57.16,59.3 1 0
github.com/noggrj/autorepair/internal/service/application/order_service.go:61.2,61.58 1 1
github.com/noggrj/autorepair/internal/service/application/order_service.go:61.58,63.3 1 0
github.com/noggrj/autorepair/internal/service/application/order_service.go:65.2,66.48 2 1
github.com/noggrj/autorepair/internal/service/application/order_service.go:66.48,68.3 1 0
github.com/noggrj/autorepair/internal/service/application/order_service.go:71.2,72.16 2 1
github.com/noggrj/autorepair/internal/service/application/order_service.go:72.16,75.3 1 0
github.com/noggrj/autorepair/internal/service/application/order_service.go:76.2,76.167 1 1
github.com/noggrj/autorepair/internal/service/application/order_service.go:76.167,79.3 1 0
github.com/noggrj/autorepair/internal/service/application/order_service.go:81.2,81.12 1 1
github.com/noggrj/autorepair/internal/service/application/order_service.go:84.62,87.16 2 1
github.com/noggrj/autorepair/internal/service/application/order_service.go:87.16,89.3 1 0
github.com/noggrj/autorepair/internal/service/application/order_service.go:93.2,93.116 1 1
github.com/noggrj/autorepair/internal/service/application/order_service.go:93.116,95.3 1 0
github.com/noggrj/autorepair/internal/service/application/order_service.go:98.2,98.35 1 1
github.com/noggrj/autorepair/internal/service/application/order_service.go:98.35,99.46 1 1
github.com/noggrj/autorepair/internal/service/application/order_service.go:99.46,102.18 2 1
github.com/noggrj/autorepair/internal/service/application/order_service.go:102.18,104.5 1 0
github.com/noggrj/autorepair/internal/service/application/order_service.go:106.4,106.58 1 1
github.com/noggrj/autorepair/internal/service/application/order_service.go:106.58,108.5 1 1
github.com/noggrj/autorepair/internal/service/application/order_service.go:110.4,110.72 1 0
github.com/noggrj/autorepair/internal/service/application/order_service.go:110.72,112.5 1 0
github.com/noggrj/autorepair/internal/service/application/order_service.go:117.2,122.48 4 1
github.com/noggrj/autorepair/internal/service/application/order_service.go:122.48,124.3 1 0
github.com/noggrj/autorepair/internal/service/application/order_service.go:127.2,129.12 2 1
github.com/noggrj/autorepair/internal/service/application/order_service.go:132.61,134.16 2 1
github.com/noggrj/autorepair/internal/service/application/order_service.go:134.16,136.3 1 0
github.com/noggrj/autorepair/internal/service/application/order_service.go:138.2,138.58 1 1
github.com/noggrj/autorepair/internal/service/application/order_service.go:138.58,140.3 1 0
github.com/noggrj/autorepair/internal/service/application/order_service.go:142.2,146.48 4 1
github.com/noggrj/autorepair/internal/service/application/order_service.go:146.48,148.3 1 0
github.com/noggrj/autorepair/internal/service/application/order_service.go:149.2,150.12 2 1
github.com/noggrj/autorepair/internal/service/application/order_service.go:153.62,155.16 2 1
github.com/noggrj/autorepair/internal/service/application/order_service.go:155.16,157.3 1 0
github.com/noggrj/autorepair/internal/service/application/order_service.go:159.2,159.56 1 1
github.com/noggrj/autorepair/internal/service/application/order_service.go:159.56,161.3 1 0
github.com/noggrj/autorepair/internal/service/application/order_service.go:163.2,164.48 2 1
github.com/noggrj/autorepair/internal/service/application/order_service.go:164.48,166.3 1 0
github.com/noggrj/autorepair/internal/service/application/order_service.go:167.2,168.12 2 1
github.com/noggrj/autorepair/internal/service/application/order_service.go:171.96,173.16 2 1
github.com/noggrj/autorepair/internal/service/application/order_service.go:173.16,175.3 1 0
github.com/noggrj/autorepair/internal/service/application/order_service.go:177.2,178.48 2 1
github.com/noggrj/autorepair/internal/service/application/order_service.go:178.48,180.3 1 0
github.com/noggrj/autorepair/internal/service/application/order_service.go:182.2,184.12 2 1
github.com/noggrj/autorepair/internal/service/application/order_service.go:187.71,189.16 2 1
github.com/noggrj/autorepair/internal/service/application/order_service.go:189.16,192.3 1 0
github.com/noggrj/autorepair/internal/service/application/order_service.go:194.2,197.74 3 1
github.com/noggrj/autorepair/internal/service/application/order_service.go:197.74,200.3 1 0
github.com/noggrj/autorepair/internal/service/delivery/http/client_handler.go:14.68,16.2 1 1
github.com/noggrj/autorepair/internal/service/delivery/http/client_handler.go:35.72,37.61 2 1
github.com/noggrj/autorepair/internal/service/delivery/http/client_handler.go:37.61,40.3 2 1
github.com/noggrj/autorepair/internal/service/delivery/http/client_handler.go:42.2,43.16 2 1
github.com/noggrj/autorepair/internal/service/delivery/http/client_handler.go:43.16,46.3 2 0
github.com/noggrj/autorepair/internal/service/delivery/http/client_handler.go:48.2,48.44 1 1
github.com/noggrj/autorepair/internal/service/delivery/http/client_handler.go:48.44,51.3 2 0
github.com/noggrj/autorepair/internal/service/delivery/http/client_handler.go:53.2,54.58 2 1
github.com/noggrj/autorepair/internal/service/delivery/http/client_handler.go:54.58,57.3 2 0
github.com/noggrj/autorepair/internal/service/delivery/http/client_handler.go:68.70,70.16 2 1
github.com/noggrj/autorepair/internal/service/delivery/http/client_handler.go:70.16,73.3 2 1
github.com/noggrj/autorepair/internal/service/delivery/http/client_handler.go:74.2,75.59 2 1
github.com/noggrj/autorepair/internal/service/delivery/http/client_handler.go:75.59,78.3 2 0
github.com/noggrj/autorepair/internal/service/delivery/http/order_handler.go:19.71,21.2 1 1
github.com/noggrj/autorepair/internal/service/delivery/http/order_handler.go:40.70,42.61 2 1
github.com/noggrj/autorepair/internal/service/delivery/http/order_handler.go:42.61,45.3 2 1
github.com/noggrj/autorepair/internal/service/delivery/http/order_handler.go:47.2,48.16 2 1
github.com/noggrj/autorepair/internal/service/delivery/http/order_handler.go:48.16,51.3 2 0
github.com/noggrj/autorepair/internal/service/delivery/http/order_handler.go:53.2,53.55 1 1
github.com/noggrj/autorepair/internal/service/delivery/http/order_handler.go:53.55,56.3 2 0
github.com/noggrj/autorepair/internal/service/delivery/http/order_handler.go:58.2,59.56 2 1
github.com/noggrj/autorepair/internal/service/delivery/http/order_handler.go:59.56,62.3 2 0
github.com/noggrj/autorepair/internal/service/delivery/http/order_handler.go:73.68,75.16 2 1
github.com/noggrj/autorepair/internal/service/delivery/http/order_handler.go:75.16,78.3 2 1
github.com/noggrj/autorepair/internal/service/delivery/http/order_handler.go:79.2,80.57 2 1
github.com/noggrj/autorepair/internal/service/delivery/http/order_handler.go:80.57,83.3 2 0
github.com/noggrj/autorepair/internal/service/delivery/http/order_handler.go:92.78,94.2 1 1
github.com/noggrj/autorepair/internal/service/delivery/http/order_handler.go:112.73,114.61 2 1
github.com/noggrj/autorepair/internal/service/delivery/http/order_handler.go:114.61,117.3 2 1
github.com/noggrj/autorepair/internal/service/delivery/http/order_handler.go:119.2,120.16 2 1
github.com/noggrj/autorepair/internal/service/delivery/http/order_handler.go:120.16,123.3 2 0
github.com/noggrj/autorepair/internal/service/delivery/http/order_handler.go:125.2,125.45 1 1
github.com/noggrj/autorepair/internal/service/delivery/http/order_handler.go:125.45,128.3 2 0
github.com/noggrj/autorepair/internal/service/delivery/http/order_handler.go:130.2,131.59 2 1
github.com/noggrj/autorepair/internal/service/delivery/http/order_handler.go:131.59,134.3 2 0
github.com/noggrj/autorepair/internal/service/delivery/http/order_handler.go:145.71,147.16 2 1
github.com/noggrj/autorepair/internal/service/delivery/http/order_handler.go:147.16,150.3 2 1
github.com/noggrj/autorepair/internal/service/delivery/http/order_handler.go:151.2,152.60 2 1
github.com/noggrj/autorepair/internal/service/delivery/http/order_handler.go:152.60,155.3 2 0
github.com/noggrj/autorepair/internal/service/delivery/http/order_handler.go:172.17,179.2 1 1
github.com/noggrj/autorepair/internal/service/delivery/http/order_handler.go:194.72,197.16 3 1
github.com/noggrj/autorepair/internal/service/delivery/http/order_handler.go:197.16,200.3 2 1
github.com/noggrj/autorepair/internal/service/delivery/http/order_handler.go:202.2,202.56 1 1
github.com/noggrj/autorepair/internal/service/delivery/http/order_handler.go:202.56,203.50 1 1
github.com/noggrj/autorepair/internal/service/delivery/http/order_handler.go:203.50,206.4 2 1
github.com/noggrj/autorepair/internal/service/delivery/http/order_handler.go:207.3,208.9 2 0
github.com/noggrj/autorepair/internal/service/delivery/http/order_handler.go:211.2,211.30 1 1
github.com/noggrj/autorepair/internal/service/delivery/http/order_handler.go:224.79,227.16 3 1
github.com/noggrj/autorepair/internal/service/delivery/http/order_handler.go:227.16,230.3 2 1
github.com/noggrj/autorepair/internal/service/delivery/http/order_handler.go:232.2,232.58 1 1
github.com/noggrj/autorepair/internal/service/delivery/http/order_handler.go:232.58,235.3 2 1
github.com/noggrj/autorepair/internal/service/delivery/http/order_handler.go:237.2,237.30 1 1
github.com/noggrj/autorepair/internal/service/delivery/http/order_handler.go:250.75,253.16 3 1
github.com/noggrj/autorepair/internal/service/delivery/http/order_handler.go:253.16,256.3 2 0
github.com/noggrj/autorepair/internal/service/delivery/http/order_handler.go:258.2,258.54 1 1
github.com/noggrj/autorepair/internal/service/delivery/http/order_handler.go:258.54,261.3 2 0
github.com/noggrj/autorepair/internal/service/delivery/http/order_handler.go:263.2,263.30 1 1
github.com/noggrj/autorepair/internal/service/delivery/http/order_handler.go:276.76,279.16 3 1
github.com/noggrj/autorepair/internal/service/delivery/http/order_handler.go:279.16,282.3 2 0
github.com/noggrj/autorepair/internal/service/delivery/http/order_handler.go:284.2,284.55 1 1
github.com/noggrj/autorepair/internal/service/delivery/http/order_handler.go:284.55,287.3 2 0
github.com/noggrj/autorepair/internal/service/delivery/http/order_handler.go:289.2,289.30 1 1
github.com/noggrj/autorepair/internal/service/delivery/http/order_handler.go:302.77,305.16 3 1
github.com/noggrj/autorepair/internal/service/delivery/http/order_handler.go:305.16,308.3 2 0
github.com/noggrj/autorepair/internal/service/delivery/http/order_handler.go:310.2,310.56 1 1
github.com/noggrj/autorepair/internal/service/delivery/http/order_handler.go:310.56,313.3 2 0
github.com/noggrj/autorepair/internal/service/delivery/http/order_handler.go:315.2,315.30 1 1
github.com/noggrj/autorepair/internal/service/delivery/http/order_handler.go:333.77,336.16 3 1
github.com/noggrj/autorepair/internal/service/delivery/http/order_handler.go:336.16,339.3 2 1
github.com/noggrj/autorepair/internal/service/delivery/http/order_handler.go:341.2,342.61 2 1
github.com/noggrj/autorepair/internal/service/delivery/http/order_handler.go:342.61,345.3 2 1
github.com/noggrj/autorepair/internal/service/delivery/http/order_handler.go:347.2,350.64 2 1
github.com/noggrj/autorepair/internal/service/delivery/http/order_handler.go:350.64,353.3 2 0
github.com/noggrj/autorepair/internal/service/delivery/http/order_handler.go:355.2,355.30 1 1
github.com/noggrj/autorepair/internal/service/delivery/http/order_handler.go:380.71,382.61 2 1
github.com/noggrj/autorepair/internal/service/delivery/http/order_handler.go:382.61,385.3 2 1
github.com/noggrj/autorepair/internal/service/delivery/http/order_handler.go:387.2,388.16 2 1
github.com/noggrj/autorepair/internal/service/delivery/http/order_handler.go:388.16,391.3 2 1
github.com/noggrj/autorepair/internal/service/delivery/http/order_handler.go:392.2,393.16 2 1
github.com/noggrj/autorepair/internal/service/delivery/http/order_handler.go:393.16,396.3 2 0
github.com/noggrj/autorepair/internal/service/delivery/http/order_handler.go:398.2,399.16 2 1
github.com/noggrj/autorepair/internal/service/delivery/http/order_handler.go:399.16,402.3 2 0
github.com/noggrj/autorepair/internal/service/delivery/http/order_handler.go:404.2,404.36 1 1
github.com/noggrj/autorepair/internal/service/delivery/http/order_handler.go:404.36,406.17 2 1
github.com/noggrj/autorepair/internal/service/delivery/http/order_handler.go:406.17,409.4 2 0
github.com/noggrj/autorepair/internal/service/delivery/http/order_handler.go:411.3,411.52 1 1
github.com/noggrj/autorepair/internal/service/delivery/http/order_handler.go:412.38,414.18 2 1
github.com/noggrj/autorepair/internal/service/delivery/http/order_handler.go:414.18,417.5 2 1
github.com/noggrj/autorepair/internal/service/delivery/http/order_handler.go:418.4,419.18 2 1
github.com/noggrj/autorepair/internal/service/delivery/http/order_handler.go:419.18,422.5 2 0
github.com/noggrj/autorepair/internal/service/delivery/http/order_handler.go:423.35,425.18 2 1
github.com/noggrj/autorepair/internal/service/delivery/http/order_handler.go:425.18,428.5 2 1
github.com/noggrj/autorepair/internal/service/delivery/http/order_handler.go:431.4,432.18 2 1
github.com/noggrj/autorepair/internal/service/delivery/http/order_handler.go:432.18,435.5 2 0
github.com/noggrj/autorepair/internal/service/delivery/http/order_handler.go:436.11,438.10 2 0
github.com/noggrj/autorepair/internal/service/delivery/http/order_handler.go:442.2,442.48 1 1
github.com/noggrj/autorepair/internal/service/delivery/http/order_handler.go:442.48,445.3 2 1
github.com/noggrj/autorepair/internal/service/delivery/http/order_handler.go:447.2,448.57 2 1
github.com/noggrj/autorepair/internal/service/delivery/http/order_handler.go:448.57,451.3 2 0
github.com/noggrj/autorepair/internal/service/delivery/http/order_handler.go:465.68,468.16 3 1
github.com/noggrj/autorepair/internal/service/delivery/http/order_handler.go:468.16,471.3 2 0
github.com/noggrj/autorepair/internal/service/delivery/http/order_handler.go:473.2,474.16 2 1
github.com/noggrj/autorepair/internal/service/delivery/http/order_handler.go:474.16,475.44 1 1
github.com/noggrj/autorepair/internal/service/delivery/http/order_handler.go:475.44,478.4 2 1
github.com/noggrj/autorepair/internal/service/delivery/http/order_handler.go:479.3,480.9 2 0
github.com/noggrj/autorepair/internal/service/delivery/http/order_handler.go:483.2,484.57 2 1
github.com/noggrj/autorepair/internal/service/delivery/http/order_handler.go:484.57,487.3 2 0
github.com/noggrj/autorepair/internal/service/delivery/http/order_handler.go:498.78,500.16 2 1
github.com/noggrj/autorepair/internal/service/delivery/http/order_handler.go:500.16,503.3 2 0
github.com/noggrj/autorepair/internal/service/delivery/http/order_handler.go:505.2,506.27 2 1
github.com/noggrj/autorepair/internal/service/delivery/http/order_handler.go:506.27,508.3 1 1
github.com/noggrj/autorepair/internal/service/delivery/http/order_handler.go:510.2,517.60 3 1
github.com/noggrj/autorepair/internal/service/delivery/http/order_handler.go:517.60,520.3 2 0
github.com/noggrj/autorepair/internal/service/delivery/http/order_handler.go:531.87,533.16 2 1
github.com/noggrj/autorepair/internal/service/delivery/http/order_handler.go:533.16,536.3 2 0
github.com/noggrj/autorepair/internal/service/delivery/http/order_handler.go:538.2,541.27 3 1
github.com/noggrj/autorepair/internal/service/delivery/http/order_handler.go:541.27,542.103 1 1
github.com/noggrj/autorepair/internal/service/delivery/http/order_handler.go:542.103,543.49 1 1
github.com/noggrj/autorepair/internal/service/delivery/http/order_handler.go:543.49,546.5 2 1
github.com/noggrj/autorepair/internal/service/delivery/http/order_handler.go:550.2,551.15 2 1
github.com/noggrj/autorepair/internal/service/delivery/http/order_handler.go:551.15,553.3 1 1
github.com/noggrj/autorepair/internal/service/delivery/http/order_handler.go:555.2,561.60 3 1
github.com/noggrj/autorepair/internal/service/delivery/http/order_handler.go:561.60,564.3 2 0
github.com/noggrj/autorepair/internal/service/delivery/http/order_handler.go:592.75,595.16 3 1
github.com/noggrj/autorepair/internal/service/delivery/http/order_handler.go:595.16,598.3 2 1
github.com/noggrj/autorepair/internal/service/delivery/http/order_handler.go:600.2,601.16 2 1
github.com/noggrj/autorepair/internal/service/delivery/http/order_handler.go:601.16,602.44 1 1
github.com/noggrj/autorepair/internal/service/delivery/http/order_handler.go:602.44,605.4 2 1
github.com/noggrj/autorepair/internal/service/delivery/http/order_handler.go:606.3,607.9 2 0
github.com/noggrj/autorepair/internal/service/delivery/http/order_handler.go:610.2,611.35 2 1
github.com/noggrj/autorepair/internal/service/delivery/http/order_handler.go:611.35,617.3 1 1
github.com/noggrj/autorepair/internal/service/delivery/http/order_handler.go:619.2,628.60 3 1
github.com/noggrj/autorepair/internal/service/delivery/http/order_handler.go:628.60,631.3 2 0
github.com/noggrj/autorepair/internal/service/delivery/http/vehicle_handler.go:15.71,17.2 1 1
github.com/noggrj/autorepair/internal/service/delivery/http/vehicle_handler.go:37.73,39.61 2 1
github.com/noggrj/autorepair/internal/service/delivery/http/vehicle_handler.go:39.61,42.3 2 1
github.com/noggrj/autorepair/internal/service/delivery/http/vehicle_handler.go:44.2,45.16 2 1
github.com/noggrj/autorepair/internal/service/delivery/http/vehicle_handler.go:45.16,48.3 2 1
github.com/noggrj/autorepair/internal/service/delivery/http/vehicle_handler.go:50.2,51.16 2 1
github.com/noggrj/autorepair/internal/service/delivery/http/vehicle_handler.go:51.16,54.3 2 1
github.com/noggrj/autorepair/internal/service/delivery/http/vehicle_handler.go:56.2,56.45 1 1
github.com/noggrj/autorepair/internal/service/delivery/http/vehicle_handler.go:56.45,59.3 2 1
github.com/noggrj/autorepair/internal/service/delivery/http/vehicle_handler.go:61.2,62.59 2 1
github.com/noggrj/autorepair/internal/service/delivery/http/vehicle_handler.go:62.59,65.3 2 0
github.com/noggrj/autorepair/internal/service/delivery/http/vehicle_handler.go:78.79,80.23 2 1
github.com/noggrj/autorepair/internal/service/delivery/http/vehicle_handler.go:80.23,83.3 2 1
github.com/noggrj/autorepair/internal/service/delivery/http/vehicle_handler.go:85.2,86.16 2 1
github.com/noggrj/autorepair/internal/service/delivery/http/vehicle_handler.go:86.16,89.3 2 1
github.com/noggrj/autorepair/internal/service/delivery/http/vehicle_handler.go:91.2,92.16 2 1
github.com/noggrj/autorepair/internal/service/delivery/http/vehicle_handler.go:92.16,95.3 2 1
github.com/noggrj/autorepair/internal/service/delivery/http/vehicle_handler.go:96.2,97.60 2 1
github.com/noggrj/autorepair/internal/service/delivery/http/vehicle_handler.go:97.60,100.3 2 0
github.com/noggrj/autorepair/internal/service/domain/client.go:25.65,26.16 1 1
github.com/noggrj/autorepair/internal/service/domain/client.go:26.16,28.3 1 0
github.com/noggrj/autorepair/internal/service/domain/client.go:30.2,31.16 2 1
github.com/noggrj/autorepair/internal/service/domain/client.go:31.16,33.3 1 0
github.com/noggrj/autorepair/internal/service/domain/client.go:35.2,43.8 1 1
github.com/noggrj/autorepair/internal/service/domain/order.go:48.62,49.51 1 1
github.com/noggrj/autorepair/internal/service/domain/order.go:49.51,51.3 1 0
github.com/noggrj/autorepair/internal/service/domain/order.go:53.2,61.8 1 1
github.com/noggrj/autorepair/internal/service/domain/order.go:64.109,65.14 1 1
github.com/noggrj/autorepair/internal/service/domain/order.go:65.14,67.3 1 0
github.com/noggrj/autorepair/internal/service/domain/order.go:68.2,68.15 1 1
github.com/noggrj/autorepair/internal/service/domain/order.go:68.15,70.3 1 0
github.com/noggrj/autorepair/internal/service/domain/order.go:72.2,88.12 6 1
github.com/noggrj/autorepair/internal/service/domain/order.go:91.34,94.31 2 1
github.com/noggrj/autorepair/internal/service/domain/order.go:94.31,95.35 1 1
github.com/noggrj/autorepair/internal/service/domain/order.go:95.35,97.4 1 1
github.com/noggrj/autorepair/internal/service/domain/order.go:97.9,99.4 1 1
github.com/noggrj/autorepair/internal/service/domain/order.go:102.2,104.57 3 1
github.com/noggrj/autorepair/internal/service/domain/service.go:24.76,25.16 1 1
github.com/noggrj/autorepair/internal/service/domain/service.go:25.16,27.3 1 0
github.com/noggrj/autorepair/internal/service/domain/service.go:28.2,28.15 1 1
github.com/noggrj/autorepair/internal/service/domain/service.go:28.15,30.3 1 0
github.com/noggrj/autorepair/internal/service/domain/service.go:32.2,39.8 1 1
github.com/noggrj/autorepair/internal/service/domain/vehicle.go:26.93,27.26 1 1
github.com/noggrj/autorepair/internal/service/domain/vehicle.go:27.26,29.3 1 0
github.com/noggrj/autorepair/internal/service/domain/vehicle.go:30.2,30.32 1 1
github.com/noggrj/autorepair/internal/service/domain/vehicle.go:30.32,32.3 1 0
github.com/noggrj/autorepair/internal/service/domain/vehicle.go:33.2,33.47 1 1
github.com/noggrj/autorepair/internal/service/domain/vehicle.go:33.47,35.3 1 1
github.com/noggrj/autorepair/internal/service/domain/vehicle.go:37.2,38.16 2 1
github.com/noggrj/autorepair/internal/service/domain/vehicle.go:38.16,40.3 1 0
github.com/noggrj/autorepair/internal/service/domain/vehicle.go:42.2,51.8 1 1
github.com/noggrj/autorepair/internal/sharedkernel/doc.go:17.54,22.42 2 1
github.com/noggrj/autorepair/internal/sharedkernel/doc.go:22.42,24.3 1 0
github.com/noggrj/autorepair/internal/sharedkernel/doc.go:26.2,26.39 1 1
github.com/noggrj/autorepair/internal/sharedkernel/doc.go:29.38,31.2 1 1
github.com/noggrj/autorepair/internal/sharedkernel/doc.go:33.52,35.2 1 1
github.com/noggrj/autorepair/internal/sharedkernel/plate.go:18.48,26.74 4 1
github.com/noggrj/autorepair/internal/sharedkernel/plate.go:26.74,28.3 1 0
github.com/noggrj/autorepair/internal/sharedkernel/plate.go:30.2,30.35 1 1
github.com/noggrj/autorepair/internal/sharedkernel/plate.go:33.34,35.2 1 1
github.com/noggrj/autorepair/internal/sharedkernel/plate.go:37.48,39.2 1 1
github.com/noggrj/autorepair/internal/platform/config/config.go:13.30,15.17 2 1
github.com/noggrj/autorepair/internal/platform/config/config.go:15.17,17.3 1 1
github.com/noggrj/autorepair/internal/platform/config/config.go:19.2,20.16 2 1
github.com/noggrj/autorepair/internal/platform/config/config.go:20.16,22.3 1 1
github.com/noggrj/autorepair/internal/platform/config/config.go:24.2,27.8 1 1
github.com/noggrj/autorepair/internal/sharedkernel/doc.go:17.54,22.42 2 1
github.com/noggrj/autorepair/internal/sharedkernel/doc.go:22.42,24.3 1 1
github.com/noggrj/autorepair/internal/sharedkernel/doc.go:26.2,26.39 1 1
github.com/noggrj/autorepair/internal/sharedkernel/doc.go:29.38,31.2 1 1
github.com/noggrj/autorepair/internal/sharedkernel/doc.go:33.52,35.2 1 1
github.com/noggrj/autorepair/internal/sharedkernel/plate.go:18.48,26.74 4 1
github.com/noggrj/autorepair/internal/sharedkernel/plate.go:26.74,28.3 1 1
github.com/noggrj/autorepair/internal/sharedkernel/plate.go:30.2,30.35 1 1
github.com/noggrj/autorepair/internal/sharedkernel/plate.go:33.34,35.2 1 1
github.com/noggrj/autorepair/internal/sharedkernel/plate.go:37.48,39.2 1 1
github.com/noggrj/autorepair/internal/platform/db/db.go:15.35,17.16 2 0
github.com/noggrj/autorepair/internal/platform/db/db.go:17.16,19.3 1 0
github.com/noggrj/autorepair/internal/platform/db/db.go:21.2,27.16 6 0
github.com/noggrj/autorepair/internal/platform/db/db.go:27.16,29.3 1 0
github.com/noggrj/autorepair/internal/platform/db/db.go:31.2,31.56 1 0
github.com/noggrj/autorepair/internal/platform/db/db.go:31.56,33.3 1 0
github.com/noggrj/autorepair/internal/platform/db/db.go:35.2,35.29 1 0
github.com/noggrj/autorepair/internal/platform/db/db.go:38.23,40.2 1 0
github.com/noggrj/autorepair/internal/service/domain/client.go:25.65,26.16 1 1
github.com/noggrj/autorepair/internal/service/domain/client.go:26.16,28.3 1 0
github.com/noggrj/autorepair/internal/service/domain/client.go:30.2,31.16 2 1
github.com/noggrj/autorepair/internal/service/domain/client.go:31.16,33.3 1 0
github.com/noggrj/autorepair/internal/service/domain/client.go:35.2,43.8 1 1
github.com/noggrj/autorepair/internal/service/domain/order.go:48.62,49.51 1 1
github.com/noggrj/autorepair/internal/service/domain/order.go:49.51,51.3 1 0
github.com/noggrj/autorepair/internal/service/domain/order.go:53.2,61.8 1 1
github.com/noggrj/autorepair/internal/service/domain/order.go:64.109,65.14 1 1
github.com/noggrj/autorepair/internal/service/domain/order.go:65.14,67.3 1 0
github.com/noggrj/autorepair/internal/service/domain/order.go:68.2,68.15 1 1
github.com/noggrj/autorepair/internal/service/domain/order.go:68.15,70.3 1 0
github.com/noggrj/autorepair/internal/service/domain/order.go:72.2,88.12 6 1
github.com/noggrj/autorepair/internal/service/domain/order.go:91.34,94.31 2 1
github.com/noggrj/autorepair/internal/service/domain/order.go:94.31,95.35 1 1
github.com/noggrj/autorepair/internal/service/domain/order.go:95.35,97.4 1 1
github.com/noggrj/autorepair/internal/service/domain/order.go:97.9,99.4 1 0
github.com/noggrj/autorepair/internal/service/domain/order.go:102.2,104.57 3 1
github.com/noggrj/autorepair/internal/service/domain/service.go:24.76,25.16 1 1
github.com/noggrj/autorepair/internal/service/domain/service.go:25.16,27.3 1 0
github.com/noggrj/autorepair/internal/service/domain/service.go:28.2,28.15 1 1
github.com/noggrj/autorepair/internal/service/domain/service.go:28.15,30.3 1 0
github.com/noggrj/autorepair/internal/service/domain/service.go:32.2,39.8 1 1
github.com/noggrj/autorepair/internal/service/domain/vehicle.go:26.93,27.26 1 1
github.com/noggrj/autorepair/internal/service/domain/vehicle.go:27.26,29.3 1 0
github.com/noggrj/autorepair/internal/service/domain/vehicle.go:30.2,30.32 1 1
github.com/noggrj/autorepair/internal/service/domain/vehicle.go:30.32,32.3 1 0
github.com/noggrj/autorepair/internal/service/domain/vehicle.go:33.2,33.47 1 1
github.com/noggrj/autorepair/internal/service/domain/vehicle.go:33.47,35.3 1 0
github.com/noggrj/autorepair/internal/service/domain/vehicle.go:37.2,38.16 2 1
github.com/noggrj/autorepair/internal/service/domain/vehicle.go:38.16,40.3 1 0
github.com/noggrj/autorepair/internal/service/domain/vehicle.go:42.2,51.8 1 1
github.com/noggrj/autorepair/internal/service/infrastructure/client_repository.go:18.78,20.2 1 1
github.com/noggrj/autorepair/internal/service/infrastructure/client_repository.go:22.70,34.2 3 1
github.com/noggrj/autorepair/internal/service/infrastructure/client_repository.go:36.82,40.2 3 1
github.com/noggrj/autorepair/internal/service/infrastructure/client_repository.go:42.69,45.16 3 1
github.com/noggrj/autorepair/internal/service/infrastructure/client_repository.go:45.16,47.3 1 1
github.com/noggrj/autorepair/internal/service/infrastructure/client_repository.go:48.2,51.18 3 1
github.com/noggrj/autorepair/internal/service/infrastructure/client_repository.go:51.18,53.17 2 1
github.com/noggrj/autorepair/internal/service/infrastructure/client_repository.go:53.17,55.4 1 1
github.com/noggrj/autorepair/internal/service/infrastructure/client_repository.go:56.3,56.36 1 1
github.com/noggrj/autorepair/internal/service/infrastructure/client_repository.go:58.2,58.21 1 1
github.com/noggrj/autorepair/internal/service/infrastructure/client_repository.go:61.54,65.16 4 1
github.com/noggrj/autorepair/internal/service/infrastructure/client_repository.go:65.16,66.36 1 1
github.com/noggrj/autorepair/internal/service/infrastructure/client_repository.go:66.36,68.4 1 1
github.com/noggrj/autorepair/internal/service/infrastructure/client_repository.go:69.3,69.18 1 1
github.com/noggrj/autorepair/internal/service/infrastructure/client_repository.go:71.2,72.16 2 1
github.com/noggrj/autorepair/internal/service/infrastructure/client_repository.go:72.16,74.3 1 1
github.com/noggrj/autorepair/internal/service/infrastructure/client_repository.go:75.2,76.21 2 1
github.com/noggrj/autorepair/internal/service/infrastructure/order_repository.go:18.76,20.2 1 1
github.com/noggrj/autorepair/internal/service/infrastructure/order_repository.go:22.67,25.16 3 1
github.com/noggrj/autorepair/internal/service/infrastructure/order_repository.go:25.16,27.3 1 1
github.com/noggrj/autorepair/internal/service/infrastructure/order_repository.go:28.2,28.15 1 1
github.com/noggrj/autorepair/internal/service/infrastructure/order_repository.go:28.15,29.42 1 1
github.com/noggrj/autorepair/internal/service/infrastructure/order_repository.go:29.42,32.4 1 1
github.com/noggrj/autorepair/internal/service/infrastructure/order_repository.go:36.2,51.16 3 1
github.com/noggrj/autorepair/internal/service/infrastructure/order_repository.go:51.16,53.3 1 1
github.com/noggrj/autorepair/internal/service/infrastructure/order_repository.go:57.2,58.16 2 1
github.com/noggrj/autorepair/internal/service/infrastructure/order_repository.go:58.16,60.3 1 0
github.com/noggrj/autorepair/internal/service/infrastructure/order_repository.go:62.2,65.35 2 1
github.com/noggrj/autorepair/internal/service/infrastructure/order_repository.go:65.35,69.17 2 1
github.com/noggrj/autorepair/internal/service/infrastructure/order_repository.go:69.17,71.4 1 1
github.com/noggrj/autorepair/internal/service/infrastructure/order_repository.go:74.2,74.23 1 1
github.com/noggrj/autorepair/internal/service/infrastructure/order_repository.go:77.80,88.16 7 1
github.com/noggrj/autorepair/internal/service/infrastructure/order_repository.go:88.16,89.36 1 1
github.com/noggrj/autorepair/internal/service/infrastructure/order_repository.go:89.36,91.4 1 1
github.com/noggrj/autorepair/internal/service/infrastructure/order_repository.go:92.3,92.18 1 1
github.com/noggrj/autorepair/internal/service/infrastructure/order_repository.go:95.2,103.16 7 1
github.com/noggrj/autorepair/internal/service/infrastructure/order_repository.go:103.16,105.3 1 0
github.com/noggrj/autorepair/internal/service/infrastructure/order_repository.go:106.2,108.18 2 1
github.com/noggrj/autorepair/internal/service/infrastructure/order_repository.go:108.18,112.107 4 1
github.com/noggrj/autorepair/internal/service/infrastructure/order_repository.go:112.107,114.4 1 0
github.com/noggrj/autorepair/internal/service/infrastructure/order_repository.go:115.3,118.32 4 1
github.com/noggrj/autorepair/internal/service/infrastructure/order_repository.go:121.2,121.16 1 1
github.com/noggrj/autorepair/internal/service/infrastructure/order_repository.go:124.67,128.16 3 1
github.com/noggrj/autorepair/internal/service/infrastructure/order_repository.go:128.16,130.3 1 1
github.com/noggrj/autorepair/internal/service/infrastructure/order_repository.go:131.2,134.18 3 1
github.com/noggrj/autorepair/internal/service/infrastructure/order_repository.go:134.18,139.17 5 1
github.com/noggrj/autorepair/internal/service/infrastructure/order_repository.go:139.17,141.4 1 1
github.com/noggrj/autorepair/internal/service/infrastructure/order_repository.go:142.3,146.30 5 1
github.com/noggrj/autorepair/internal/service/infrastructure/order_repository.go:148.2,148.20 1 1
github.com/noggrj/autorepair/internal/service/infrastructure/service_repository.go:18.80,20.2 1 1
github.com/noggrj/autorepair/internal/service/infrastructure/service_repository.go:22.73,33.2 3 1
github.com/noggrj/autorepair/internal/service/infrastructure/service_repository.go:35.84,39.2 3 1
github.com/noggrj/autorepair/internal/service/infrastructure/service_repository.go:41.71,44.16 3 1
github.com/noggrj/autorepair/internal/service/infrastructure/service_repository.go:44.16,46.3 1 1
github.com/noggrj/autorepair/internal/service/infrastructure/service_repository.go:47.2,50.18 3 1
github.com/noggrj/autorepair/internal/service/infrastructure/service_repository.go:50.18,52.17 2 1
github.com/noggrj/autorepair/internal/service/infrastructure/service_repository.go:52.17,54.4 1 1
github.com/noggrj/autorepair/internal/service/infrastructure/service_repository.go:55.3,55.33 1 1
github.com/noggrj/autorepair/internal/service/infrastructure/service_repository.go:57.2,57.22 1 1
github.com/noggrj/autorepair/internal/service/infrastructure/service_repository.go:60.56,64.16 4 1
github.com/noggrj/autorepair/internal/service/infrastructure/service_repository.go:64.16,65.36 1 1
github.com/noggrj/autorepair/internal/service/infrastructure/service_repository.go:65.36,67.4 1 1
github.com/noggrj/autorepair/internal/service/infrastructure/service_repository.go:68.3,68.18 1 1
github.com/noggrj/autorepair/internal/service/infrastructure/service_repository.go:70.2,71.16 2 1
github.com/noggrj/autorepair/internal/service/infrastructure/vehicle_repository.go:18.80,20.2 1 1
github.com/noggrj/autorepair/internal/service/infrastructure/vehicle_repository.go:22.73,34.2 3 1
github.com/noggrj/autorepair/internal/service/infrastructure/vehicle_repository.go:36.84,40.2 3 1
github.com/noggrj/autorepair/internal/service/infrastructure/vehicle_repository.go:42.99,45.16 3 1
github.com/noggrj/autorepair/internal/service/infrastructure/vehicle_repository.go:45.16,47.3 1 1
github.com/noggrj/autorepair/internal/service/infrastructure/vehicle_repository.go:48.2,51.18 3 1
github.com/noggrj/autorepair/internal/service/infrastructure/vehicle_repository.go:51.18,53.17 2 1
github.com/noggrj/autorepair/internal/service/infrastructure/vehicle_repository.go:53.17,55.4 1 0
github.com/noggrj/autorepair/internal/service/infrastructure/vehicle_repository.go:56.3,56.33 1 1
github.com/noggrj/autorepair/internal/service/infrastructure/vehicle_repository.go:58.2,58.22 1 1
github.com/noggrj/autorepair/internal/service/infrastructure/vehicle_repository.go:61.56,65.16 4 1
github.com/noggrj/autorepair/internal/service/infrastructure/vehicle_repository.go:65.16,66.36 1 1
github.com/noggrj/autorepair/internal/service/infrastructure/vehicle_repository.go:66.36,68.4 1 1
github.com/noggrj/autorepair/internal/service/infrastructure/vehicle_repository.go:69.3,69.18 1 1
github.com/noggrj/autorepair/internal/service/infrastructure/vehicle_repository.go:71.2,72.16 2 1
github.com/noggrj/autorepair/internal/service/infrastructure/vehicle_repository.go:72.16,74.3 1 0
github.com/noggrj/autorepair/internal/service/infrastructure/vehicle_repository.go:75.2,76.16 2 1
github.com/noggrj/autorepair/internal/sharedkernel/doc.go:17.54,22.42 2 1
github.com/noggrj/autorepair/internal/sharedkernel/doc.go:22.42,24.3 1 1
github.com/noggrj/autorepair/internal/sharedkernel/doc.go:26.2,26.39 1 1
github.com/noggrj/autorepair/internal/sharedkernel/doc.go:29.38,31.2 1 1
github.com/noggrj/autorepair/internal/sharedkernel/doc.go:33.52,35.2 1 0
github.com/noggrj/autorepair/internal/sharedkernel/plate.go:18.48,26.74 4 1
github.com/noggrj/autorepair/internal/sharedkernel/plate.go:26.74,28.3 1 0
github.com/noggrj/autorepair/internal/sharedkernel/plate.go:30.2,30.35 1 1
github.com/noggrj/autorepair/internal/sharedkernel/plate.go:33.34,35.2 1 1
github.com/noggrj/autorepair/internal/sharedkernel/plate.go:37.48,39.2 1 0
github.com/noggrj/autorepair/internal/identity/domain/user.go:28.70,30.16 2 1
github.com/noggrj/autorepair/internal/identity/domain/user.go:30.16,32.3 1 0
github.com/noggrj/autorepair/internal/identity/domain/user.go:34.2,42.8 1 1
github.com/noggrj/autorepair/internal/identity/domain/user.go:45.52,48.2 2 0
github.com/noggrj/autorepair/internal/identity/infrastructure/repository.go:17.74,19.2 1 1
github.com/noggrj/autorepair/internal/identity/infrastructure/repository.go:21.64,25.2 3 1
github.com/noggrj/autorepair/internal/identity/infrastructure/repository.go:27.81,34.16 6 1
github.com/noggrj/autorepair/internal/identity/infrastructure/repository.go:34.16,35.36 1 1
github.com/noggrj/autorepair/internal/identity/infrastructure/repository.go:35.36,37.4 1 1
github.com/noggrj/autorepair/internal/identity/infrastructure/repository.go:38.3,38.18 1 1
github.com/noggrj/autorepair/internal/identity/infrastructure/repository.go:40.2,41.19 2 1
github.com/noggrj/autorepair/internal/identity/infrastructure/repository.go:44.78,51.16 6 1
github.com/noggrj/autorepair/internal/identity/infrastructure/repository.go:51.16,52.36 1 1
github.com/noggrj/autorepair/internal/identity/infrastructure/repository.go:52.36,54.4 1 1
github.com/noggrj/autorepair/internal/identity/infrastructure/repository.go:55.3,55.18 1 1
github.com/noggrj/autorepair/internal/identity/infrastructure/repository.go:57.2,58.19 2 1
github.com/noggrj/autorepair/internal/platform/db/db.go:15.35,17.16 2 0
github.com/noggrj/autorepair/internal/platform/db/db.go:17.16,19.3 1 0
github.com/noggrj/autorepair/internal/platform/db/db.go:21.2,27.16 6 0
github.com/noggrj/autorepair/internal/platform/db/db.go:27.16,29.3 1 0
github.com/noggrj/autorepair/internal/platform/db/db.go:31.2,31.56 1 0
github.com/noggrj/autorepair/internal/platform/db/db.go:31.56,33.3 1 0
github.com/noggrj/autorepair/internal/platform/db/db.go:35.2,35.29 1 0
github.com/noggrj/autorepair/internal/platform/db/db.go:38.23,40.2 1 0
github.com/noggrj/autorepair/internal/identity/domain/user.go:28.70,30.16 2 1
github.com/noggrj/autorepair/internal/identity/domain/user.go:30.16,32.3 1 0
github.com/noggrj/autorepair/internal/identity/domain/user.go:34.2,42.8 1 1
github.com/noggrj/autorepair/internal/identity/domain/user.go:45.52,48.2 2 0
github.com/noggrj/autorepair/internal/identity/infrastructure/repository.go:17.74,19.2 1 1
github.com/noggrj/autorepair/internal/identity/infrastructure/repository.go:21.64,25.2 3 1
github.com/noggrj/autorepair/internal/identity/infrastructure/repository.go:27.81,34.16 6 1
github.com/noggrj/autorepair/internal/identity/infrastructure/repository.go:34.16,35.36 1 1
github.com/noggrj/autorepair/internal/identity/infrastructure/repository.go:35.36,37.4 1 1
github.com/noggrj/autorepair/internal/identity/infrastructure/repository.go:38.3,38.18 1 0
github.com/noggrj/autorepair/internal/identity/infrastructure/repository.go:40.2,41.19 2 1
github.com/noggrj/autorepair/internal/identity/infrastructure/repository.go:44.78,51.16 6 1
github.com/noggrj/autorepair/internal/identity/infrastructure/repository.go:51.16,52.36 1 1
github.com/noggrj/autorepair/internal/identity/infrastructure/repository.go:52.36,54.4 1 1
github.com/noggrj/autorepair/internal/identity/infrastructure/repository.go:55.3,55.18 1 0
github.com/noggrj/autorepair/internal/identity/infrastructure/repository.go:57.2,58.19 2 1
github.com/noggrj/autorepair/internal/platform/db/db.go:15.35,17.16 2 1
github.com/noggrj/autorepair/internal/platform/db/db.go:17.16,19.3 1 0
github.com/noggrj/autorepair/internal/platform/db/db.go:21.2,27.16 6 1
github.com/noggrj/autorepair/internal/platform/db/db.go:27.16,29.3 1 0
github.com/noggrj/autorepair/internal/platform/db/db.go:31.2,31.56 1 1
github.com/noggrj/autorepair/internal/platform/db/db.go:31.56,33.3 1 0
github.com/noggrj/autorepair/internal/platform/db/db.go:35.2,35.29 1 1
github.com/noggrj/autorepair/internal/platform/db/db.go:38.23,40.2 1 1
github.com/noggrj/autorepair/internal/inventory/domain/part.go:19.84,20.18 1 1
github.com/noggrj/autorepair/internal/inventory/domain/part.go:20.18,22.3 1 0
github.com/noggrj/autorepair/internal/inventory/domain/part.go:23.2,23.15 1 1
github.com/noggrj/autorepair/internal/inventory/domain/part.go:23.15,25.3 1 0
github.com/noggrj/autorepair/internal/inventory/domain/part.go:27.2,33.8 1 1
github.com/noggrj/autorepair/internal/inventory/domain/part.go:36.43,37.22 1 1
github.com/noggrj/autorepair/internal/inventory/domain/part.go:37.22,39.3 1 1
github.com/noggrj/autorepair/internal/inventory/domain/part.go:40.2,41.12 2 1
github.com/noggrj/autorepair/internal/inventory/domain/part.go:44.34,46.2 1 0
github.com/noggrj/autorepair/internal/inventory/infrastructure/part_repository.go:17.74,19.2 1 1
github.com/noggrj/autorepair/internal/inventory/infrastructure/part_repository.go:21.85,25.2 3 1
github.com/noggrj/autorepair/internal/inventory/infrastructure/part_repository.go:27.99,33.16 5 1
github.com/noggrj/autorepair/internal/inventory/infrastructure/part_repository.go:33.16,34.36 1 0
github.com/noggrj/autorepair/internal/inventory/infrastructure/part_repository.go:34.36,36.4 1 0
github.com/noggrj/autorepair/internal/inventory/infrastructure/part_repository.go:37.3,37.18 1 0
github.com/noggrj/autorepair/internal/inventory/infrastructure/part_repository.go:39.2,39.19 1 1
github.com/noggrj/autorepair/internal/inventory/infrastructure/part_repository.go:42.87,46.2 3 1
github.com/noggrj/autorepair/internal/inventory/infrastructure/part_repository.go:48.84,51.16 3 0
github.com/noggrj/autorepair/internal/inventory/infrastructure/part_repository.go:51.16,53.3 1 0
github.com/noggrj/autorepair/internal/inventory/infrastructure/part_repository.go:54.2,57.18 3 0
github.com/noggrj/autorepair/internal/inventory/infrastructure/part_repository.go:57.18,59.90 2 0
github.com/noggrj/autorepair/internal/inventory/infrastructure/part_repository.go:59.90,61.4 1 0
github.com/noggrj/autorepair/internal/inventory/infrastructure/part_repository.go:62.3,62.28 1 0
github.com/noggrj/autorepair/internal/inventory/infrastructure/part_repository.go:64.2,64.19 1 0
github.com/noggrj/autorepair/internal/notification/infrastructure/console_email_service.go:9.52,11.2 1 0
github.com/noggrj/autorepair/internal/notification/infrastructure/console_email_service.go:13.73,20.2 6 0
github.com/noggrj/autorepair/internal/notification/infrastructure/mock_email_service.go:9.70,12.2 2 1
github.com/noggrj/autorepair/internal/platform/db/db.go:15.35,17.16 2 1
github.com/noggrj/autorepair/internal/platform/db/db.go:17.16,19.3 1 0
github.com/noggrj/autorepair/internal/platform/db/db.go:21.2,27.16 6 1
github.com/noggrj/autorepair/internal/platform/db/db.go:27.16,29.3 1 0
github.com/noggrj/autorepair/internal/platform/db/db.go:31.2,31.56 1 1
github.com/noggrj/autorepair/internal/platform/db/db.go:31.56,33.3 1 0
github.com/noggrj/autorepair/internal/platform/db/db.go:35.2,35.29 1 1
github.com/noggrj/autorepair/internal/platform/db/db.go:38.23,40.2 1 1
github.com/noggrj/autorepair/internal/service/application/order_service.go:28.17,35.2 1 1
github.com/noggrj/autorepair/internal/service/application/order_service.go:37.64,39.16 2 0
github.com/noggrj/autorepair/internal/service/application/order_service.go:39.16,41.3 1 0
github.com/noggrj/autorepair/internal/service/application/order_service.go:43.2,43.55 1 0
github.com/noggrj/autorepair/internal/service/application/order_service.go:43.55,45.3 1 0
github.com/noggrj/autorepair/internal/service/application/order_service.go:47.2,48.48 2 0
github.com/noggrj/autorepair/internal/service/application/order_service.go:48.48,50.3 1 0
github.com/noggrj/autorepair/internal/service/application/order_service.go:51.2,52.12 2 0
github.com/noggrj/autorepair/internal/service/application/order_service.go:55.60,57.16 2 0
github.com/noggrj/autorepair/internal/service/application/order_service.go:57.16,59.3 1 0
github.com/noggrj/autorepair/internal/service/application/order_service.go:61.2,61.58 1 0
github.com/noggrj/autorepair/internal/service/application/order_service.go:61.58,63.3 1 0
github.com/noggrj/autorepair/internal/service/application/order_service.go:65.2,66.48 2 0
github.com/noggrj/autorepair/internal/service/application/order_service.go:66.48,68.3 1 0
github.com/noggrj/autorepair/internal/service/application/order_service.go:71.2,72.16 2 0
github.com/noggrj/autorepair/internal/service/application/order_service.go:72.16,75.3 1 0
github.com/noggrj/autorepair/internal/service/application/order_service.go:76.2,76.167 1 0
github.com/noggrj/autorepair/internal/service/application/order_service.go:76.167,79.3 1 0
github.com/noggrj/autorepair/internal/service/application/order_service.go:81.2,81.12 1 0
github.com/noggrj/autorepair/internal/service/application/order_service.go:84.62,87.16 2 1
github.com/noggrj/autorepair/internal/service/application/order_service.go:87.16,89.3 1 0
github.com/noggrj/autorepair/internal/service/application/order_service.go:93.2,93.116 1 1
github.com/noggrj/autorepair/internal/service/application/order_service.go:93.116,95.3 1 1
github.com/noggrj/autorepair/internal/service/application/order_service.go:98.2,98.35 1 1
github.com/noggrj/autorepair/internal/service/application/order_service.go:98.35,99.46 1 1
github.com/noggrj/autorepair/internal/service/application/order_service.go:99.46,102.18 2 1
github.com/noggrj/autorepair/internal/service/application/order_service.go:102.18,104.5 1 0
github.com/noggrj/autorepair/internal/service/application/order_service.go:106.4,106.58 1 1
github.com/noggrj/autorepair/internal/service/application/order_service.go:106.58,108.5 1 1
github.com/noggrj/autorepair/internal/service/application/order_service.go:110.4,110.72 1 1
github.com/noggrj/autorepair/internal/service/application/order_service.go:110.72,112.5 1 0
github.com/noggrj/autorepair/internal/service/application/order_service.go:117.2,122.48 4 1
github.com/noggrj/autorepair/internal/service/application/order_service.go:122.48,124.3 1 0
github.com/noggrj/autorepair/internal/service/application/order_service.go:127.2,129.12 2 1
github.com/noggrj/autorepair/internal/service/application/order_service.go:132.61,134.16 2 0
github.com/noggrj/autorepair/internal/service/application/order_service.go:134.16,136.3 1 0
github.com/noggrj/autorepair/internal/service/application/order_service.go:138.2,138.58 1 0
github.com/noggrj/autorepair/internal/service/application/order_service.go:138.58,140.3 1 0
github.com/noggrj/autorepair/internal/service/application/order_service.go:142.2,146.48 4 0
github.com/noggrj/autorepair/internal/service/application/order_service.go:146.48,148.3 1 0
github.com/noggrj/autorepair/internal/service/application/order_service.go:149.2,150.12 2 0
github.com/noggrj/autorepair/internal/service/application/order_service.go:153.62,155.16 2 0
github.com/noggrj/autorepair/internal/service/application/order_service.go:155.16,157.3 1 0
github.com/noggrj/autorepair/internal/service/application/order_service.go:159.2,159.56 1 0
github.com/noggrj/autorepair/internal/service/application/order_service.go:159.56,161.3 1 0
github.com/noggrj/autorepair/internal/service/application/order_service.go:163.2,164.48 2 0
github.com/noggrj/autorepair/internal/service/application/order_service.go:164.48,166.3 1 0
github.com/noggrj/autorepair/internal/service/application/order_service.go:167.2,168.12 2 0
github.com/noggrj/autorepair/internal/service/application/order_service.go:171.96,173.16 2 1
github.com/noggrj/autorepair/internal/service/application/order_service.go:173.16,175.3 1 0
github.com/noggrj/autorepair/internal/service/application/order_service.go:177.2,178.48 2 1
github.com/noggrj/autorepair/internal/service/application/order_service.go:178.48,180.3 1 0
github.com/noggrj/autorepair/internal/service/application/order_service.go:182.2,184.12 2 1
github.com/noggrj/autorepair/internal/service/application/order_service.go:187.71,189.16 2 1
github.com/noggrj/autorepair/internal/service/application/order_service.go:189.16,192.3 1 0
github.com/noggrj/autorepair/internal/service/application/order_service.go:194.2,197.74 3 1
github.com/noggrj/autorepair/internal/service/application/order_service.go:197.74,200.3 1 0
github.com/noggrj/autorepair/internal/service/domain/client.go:25.65,26.16 1 1
github.com/noggrj/autorepair/internal/service/domain/client.go:26.16,28.3 1 0
github.com/noggrj/autorepair/internal/service/domain/client.go:30.2,31.16 2 1
github.com/noggrj/autorepair/internal/service/domain/client.go:31.16,33.3 1 0
github.com/noggrj/autorepair/internal/service/domain/client.go:35.2,43.8 1 1
github.com/noggrj/autorepair/internal/service/domain/order.go:48.62,49.51 1 1
github.com/noggrj/autorepair/internal/service/domain/order.go:49.51,51.3 1 0
github.com/noggrj/autorepair/internal/service/domain/order.go:53.2,61.8 1 1
github.com/noggrj/autorepair/internal/service/domain/order.go:64.109,65.14 1 1
github.com/noggrj/autorepair/internal/service/domain/order.go:65.14,67.3 1 0
github.com/noggrj/autorepair/internal/service/domain/order.go:68.2,68.15 1 1
github.com/noggrj/autorepair/internal/service/domain/order.go:68.15,70.3 1 0
github.com/noggrj/autorepair/internal/service/domain/order.go:72.2,88.12 6 1
github.com/noggrj/autorepair/internal/service/domain/order.go:91.34,94.31 2 1
github.com/noggrj/autorepair/internal/service/domain/order.go:94.31,95.35 1 1
github.com/noggrj/autorepair/internal/service/domain/order.go:95.35,97.4 1 1
github.com/noggrj/autorepair/internal/service/domain/order.go:97.9,99.4 1 1
github.com/noggrj/autorepair/internal/service/domain/order.go:102.2,104.57 3 1
github.com/noggrj/autorepair/internal/service/domain/service.go:24.76,25.16 1 1
github.com/noggrj/autorepair/internal/service/domain/service.go:25.16,27.3 1 0
github.com/noggrj/autorepair/internal/service/domain/service.go:28.2,28.15 1 1
github.com/noggrj/autorepair/internal/service/domain/service.go:28.15,30.3 1 0
github.com/noggrj/autorepair/internal/service/domain/service.go:32.2,39.8 1 1
github.com/noggrj/autorepair/internal/service/domain/vehicle.go:26.93,27.26 1 1
github.com/noggrj/autorepair/internal/service/domain/vehicle.go:27.26,29.3 1 0
github.com/noggrj/autorepair/internal/service/domain/vehicle.go:30.2,30.32 1 1
github.com/noggrj/autorepair/internal/service/domain/vehicle.go:30.32,32.3 1 0
github.com/noggrj/autorepair/internal/service/domain/vehicle.go:33.2,33.47 1 1
github.com/noggrj/autorepair/internal/service/domain/vehicle.go:33.47,35.3 1 0
github.com/noggrj/autorepair/internal/service/domain/vehicle.go:37.2,38.16 2 1
github.com/noggrj/autorepair/internal/service/domain/vehicle.go:38.16,40.3 1 0
github.com/noggrj/autorepair/internal/service/domain/vehicle.go:42.2,51.8 1 1
github.com/noggrj/autorepair/internal/service/infrastructure/client_repository.go:18.78,20.2 1 1
github.com/noggrj/autorepair/internal/service/infrastructure/client_repository.go:22.70,34.2 3 1
github.com/noggrj/autorepair/internal/service/infrastructure/client_repository.go:36.82,40.2 3 1
github.com/noggrj/autorepair/internal/service/infrastructure/client_repository.go:42.69,45.16 3 1
github.com/noggrj/autorepair/internal/service/infrastructure/client_repository.go:45.16,47.3 1 0
github.com/noggrj/autorepair/internal/service/infrastructure/client_repository.go:48.2,51.18 3 1
github.com/noggrj/autorepair/internal/service/infrastructure/client_repository.go:51.18,53.17 2 1
github.com/noggrj/autorepair/internal/service/infrastructure/client_repository.go:53.17,55.4 1 0
github.com/noggrj/autorepair/internal/service/infrastructure/client_repository.go:56.3,56.36 1 1
github.com/noggrj/autorepair/internal/service/infrastructure/client_repository.go:58.2,58.21 1 1
github.com/noggrj/autorepair/internal/service/infrastructure/client_repository.go:61.54,65.16 4 1
github.com/noggrj/autorepair/internal/service/infrastructure/client_repository.go:65.16,66.36 1 0
github.com/noggrj/autorepair/internal/service/infrastructure/client_repository.go:66.36,68.4 1 0
github.com/noggrj/autorepair/internal/service/infrastructure/client_repository.go:69.3,69.18 1 0
github.com/noggrj/autorepair/internal/service/infrastructure/client_repository.go:71.2,72.16 2 1
github.com/noggrj/autorepair/internal/service/infrastructure/client_repository.go:72.16,74.3 1 0
github.com/noggrj/autorepair/internal/service/infrastructure/client_repository.go:75.2,76.21 2 1
github.com/noggrj/autorepair/internal/service/infrastructure/order_repository.go:18.76,20.2 1 1
github.com/noggrj/autorepair/internal/service/infrastructure/order_repository.go:22.67,25.16 3 1
github.com/noggrj/autorepair/internal/service/infrastructure/order_repository.go:25.16,27.3 1 0
github.com/noggrj/autorepair/internal/service/infrastructure/order_repository.go:28.2,28.15 1 1
github.com/noggrj/autorepair/internal/service/infrastructure/order_repository.go:28.15,29.42 1 1
github.com/noggrj/autorepair/internal/service/infrastructure/order_repository.go:29.42,32.4 1 1
github.com/noggrj/autorepair/internal/service/infrastructure/order_repository.go:36.2,51.16 3 1
github.com/noggrj/autorepair/internal/service/infrastructure/order_repository.go:51.16,53.3 1 0
github.com/noggrj/autorepair/internal/service/infrastructure/order_repository.go:57.2,58.16 2 1
github.com/noggrj/autorepair/internal/service/infrastructure/order_repository.go:58.16,60.3 1 0
github.com/noggrj/autorepair/internal/service/infrastructure/order_repository.go:62.2,65.35 2 1
github.com/noggrj/autorepair/internal/service/infrastructure/order_repository.go:65.35,69.17 2 1
github.com/noggrj/autorepair/internal/service/infrastructure/order_repository.go:69.17,71.4 1 0
github.com/noggrj/autorepair/internal/service/infrastructure/order_repository.go:74.2,74.23 1 1
github.com/noggrj/autorepair/internal/service/infrastructure/order_repository.go:77.80,88.16 7 1
github.com/noggrj/autorepair/internal/service/infrastructure/order_repository.go:88.16,89.36 1 0
github.com/noggrj/autorepair/internal/service/infrastructure/order_repository.go:89.36,91.4 1 0
github.com/noggrj/autorepair/internal/service/infrastructure/order_repository.go:92.3,92.18 1 0
github.com/noggrj/autorepair/internal/service/infrastructure/order_repository.go:95.2,103.16 7 1
github.com/noggrj/autorepair/internal/service/infrastructure/order_repository.go:103.16,105.3 1 0
github.com/noggrj/autorepair/internal/service/infrastructure/order_repository.go:106.2,108.18 2 1
github.com/noggrj/autorepair/internal/service/infrastructure/order_repository.go:108.18,112.107 4 1
github.com/noggrj/autorepair/internal/service/infrastructure/order_repository.go:112.107,114.4 1 0
github.com/noggrj/autorepair/internal/service/infrastructure/order_repository.go:115.3,118.32 4 1
github.com/noggrj/autorepair/internal/service/infrastructure/order_repository.go:121.2,121.16 1 1
github.com/noggrj/autorepair/internal/service/infrastructure/order_repository.go:124.67,128.16 3 1
github.com/noggrj/autorepair/internal/service/infrastructure/order_repository.go:128.16,130.3 1 0
github.com/noggrj/autorepair/internal/service/infrastructure/order_repository.go:131.2,134.18 3 1
github.com/noggrj/autorepair/internal/service/infrastructure/order_repository.go:134.18,139.17 5 1
github.com/noggrj/autorepair/internal/service/infrastructure/order_repository.go:139.17,141.4 1 0
github.com/noggrj/autorepair/internal/service/infrastructure/order_repository.go:142.3,146.30 5 1
github.com/noggrj/autorepair/internal/service/infrastructure/order_repository.go:148.2,148.20 1 1
github.com/noggrj/autorepair/internal/service/infrastructure/service_repository.go:18.80,20.2 1 1
github.com/noggrj/autorepair/internal/service/infrastructure/service_repository.go:22.73,33.2 3 1
github.com/noggrj/autorepair/internal/service/infrastructure/service_repository.go:35.84,39.2 3 1
github.com/noggrj/autorepair/internal/service/infrastructure/service_repository.go:41.71,44.16 3 1
github.com/noggrj/autorepair/internal/service/infrastructure/service_repository.go:44.16,46.3 1 0
github.com/noggrj/autorepair/internal/service/infrastructure/service_repository.go:47.2,50.18 3 1
github.com/noggrj/autorepair/internal/service/infrastructure/service_repository.go:50.18,52.17 2 1
github.com/noggrj/autorepair/internal/service/infrastructure/service_repository.go:52.17,54.4 1 0
github.com/noggrj/autorepair/internal/service/infrastructure/service_repository.go:55.3,55.33 1 1
github.com/noggrj/autorepair/internal/service/infrastructure/service_repository.go:57.2,57.22 1 1
github.com/noggrj/autorepair/internal/service/infrastructure/service_repository.go:60.56,64.16 4 1
github.com/noggrj/autorepair/internal/service/infrastructure/service_repository.go:64.16,65.36 1 0
github.com/noggrj/autorepair/internal/service/infrastructure/service_repository.go:65.36,67.4 1 0
github.com/noggrj/autorepair/internal/service/infrastructure/service_repository.go:68.3,68.18 1 0
github.com/noggrj/autorepair/internal/service/infrastructure/service_repository.go:70.2,71.16 2 1
github.com/noggrj/autorepair/internal/service/infrastructure/vehicle_repository.go:18.80,20.2 1 1
github.com/noggrj/autorepair/internal/service/infrastructure/vehicle_repository.go:22.73,34.2 3 1
github.com/noggrj/autorepair/internal/service/infrastructure/vehicle_repository.go:36.84,40.2 3 1
github.com/noggrj/autorepair/internal/service/infrastructure/vehicle_repository.go:42.99,45.16 3 1
github.com/noggrj/autorepair/internal/service/infrastructure/vehicle_repository.go:45.16,47.3 1 0
github.com/noggrj/autorepair/internal/service/infrastructure/vehicle_repository.go:48.2,51.18 3 1
github.com/noggrj/autorepair/internal/service/infrastructure/vehicle_repository.go:51.18,53.17 2 1
github.com/noggrj/autorepair/internal/service/infrastructure/vehicle_repository.go:53.17,55.4 1 0
github.com/noggrj/autorepair/internal/service/infrastructure/vehicle_repository.go:56.3,56.33 1 1
github.com/noggrj/autorepair/internal/service/infrastructure/vehicle_repository.go:58.2,58.22 1 1
github.com/noggrj/autorepair/internal/service/infrastructure/vehicle_repository.go:61.56,65.16 4 1
github.com/noggrj/autorepair/internal/service/infrastructure/vehicle_repository.go:65.16,66.36 1 0
github.com/noggrj/autorepair/internal/service/infrastructure/vehicle_repository.go:66.36,68.4 1 0
github.com/noggrj/autorepair/internal/service/infrastructure/vehicle_repository.go:69.3,69.18 1 0
github.com/noggrj/autorepair/internal/service/infrastructure/vehicle_repository.go:71.2,72.16 2 1
github.com/noggrj/autorepair/internal/service/infrastructure/vehicle_repository.go:72.16,74.3 1 0
github.com/noggrj/autorepair/internal/service/infrastructure/vehicle_repository.go:75.2,76.16 2 1
github.com/noggrj/autorepair/internal/sharedkernel/doc.go:17.54,22.42 2 1
github.com/noggrj/autorepair/internal/sharedkernel/doc.go:22.42,24.3 1 0
github.com/noggrj/autorepair/internal/sharedkernel/doc.go:26.2,26.39 1 1
github.com/noggrj/autorepair/internal/sharedkernel/doc.go:29.38,31.2 1 1
github.com/noggrj/autorepair/internal/sharedkernel/doc.go:33.52,35.2 1 0
github.com/noggrj/autorepair/internal/sharedkernel/plate.go:18.48,26.74 4 1
github.com/noggrj/autorepair/internal/sharedkernel/plate.go:26.74,28.3 1 0
github.com/noggrj/autorepair/internal/sharedkernel/plate.go:30.2,30.35 1 1
github.com/noggrj/autorepair/internal/sharedkernel/plate.go:33.34,35.2 1 1
github.com/noggrj/autorepair/internal/sharedkernel/plate.go:37.48,39.2 1 0
github.com/noggrj/autorepair/internal/identity/domain/user.go:28.70,30.16 2 1
github.com/noggrj/autorepair/internal/identity/domain/user.go:30.16,32.3 1 0
github.com/noggrj/autorepair/internal/identity/domain/user.go:34.2,42.8 1 1
github.com/noggrj/autorepair/internal/identity/domain/user.go:45.52,48.2 2 1
github.com/noggrj/autorepair/internal/identity/delivery/http/handler.go:17.62,19.2 1 1
github.com/noggrj/autorepair/internal/identity/delivery/http/handler.go:44.72,46.61 2 0
github.com/noggrj/autorepair/internal/identity/delivery/http/handler.go:46.61,49.3 2 0
github.com/noggrj/autorepair/internal/identity/delivery/http/handler.go:51.2,52.16 2 0
github.com/noggrj/autorepair/internal/identity/delivery/http/handler.go:52.16,55.3 2 0
github.com/noggrj/autorepair/internal/identity/delivery/http/handler.go:57.2,57.42 1 0
github.com/noggrj/autorepair/internal/identity/delivery/http/handler.go:57.42,60.3 2 0
github.com/noggrj/autorepair/internal/identity/delivery/http/handler.go:62.2,63.56 2 0
github.com/noggrj/autorepair/internal/identity/delivery/http/handler.go:63.56,66.3 2 0
github.com/noggrj/autorepair/internal/identity/delivery/http/handler.go:86.69,88.61 2 1
github.com/noggrj/autorepair/internal/identity/delivery/http/handler.go:88.61,91.3 2 0
github.com/noggrj/autorepair/internal/identity/delivery/http/handler.go:93.2,94.16 2 1
github.com/noggrj/autorepair/internal/identity/delivery/http/handler.go:94.16,97.3 2 0
github.com/noggrj/autorepair/internal/identity/delivery/http/handler.go:99.2,99.39 1 1
github.com/noggrj/autorepair/internal/identity/delivery/http/handler.go:99.39,102.3 2 1
github.com/noggrj/autorepair/internal/identity/delivery/http/handler.go:104.2,105.16 2 1
github.com/noggrj/autorepair/internal/identity/delivery/http/handler.go:105.16,108.3 2 0
github.com/noggrj/autorepair/internal/identity/delivery/http/handler.go:110.2,114.17 1 1
github.com/noggrj/autorepair/internal/identity/delivery/http/handler.go:114.17,117.3 2 0
github.com/noggrj/autorepair/internal/identity/delivery/http/handler.go:135.71,137.61 2 0
github.com/noggrj/autorepair/internal/identity/delivery/http/handler.go:137.61,140.3 2 0
github.com/noggrj/autorepair/internal/identity/delivery/http/handler.go:142.2,143.16 2 0
github.com/noggrj/autorepair/internal/identity/delivery/http/handler.go:143.16,146.3 2 0
github.com/noggrj/autorepair/internal/identity/delivery/http/handler.go:150.2,151.16 2 0
github.com/noggrj/autorepair/internal/identity/delivery/http/handler.go:151.16,154.3 2 0
github.com/noggrj/autorepair/internal/identity/delivery/http/handler.go:156.2,160.17 1 0
github.com/noggrj/autorepair/internal/identity/delivery/http/handler.go:160.17,163.3 2 0
github.com/noggrj/autorepair/internal/identity/delivery/http/handler.go:166.52,170.2 3 0
github.com/noggrj/autorepair/internal/identity/domain/user.go:28.70,30.16 2 1
github.com/noggrj/autorepair/internal/identity/domain/user.go:30.16,32.3 1 0
github.com/noggrj/autorepair/internal/identity/domain/user.go:34.2,42.8 1 1
github.com/noggrj/autorepair/internal/identity/domain/user.go:45.52,48.2 2 1
github.com/noggrj/autorepair/internal/platform/auth/jwt.go:19.82,31.16 5 1
github.com/noggrj/autorepair/internal/platform/auth/jwt.go:31.16,33.3 1 0
github.com/noggrj/autorepair/internal/platform/auth/jwt.go:35.2,44.16 4 1
github.com/noggrj/autorepair/internal/platform/auth/jwt.go:44.16,46.3 1 0
github.com/noggrj/autorepair/internal/platform/auth/jwt.go:48.2,48.90 1 1
github.com/noggrj/autorepair/internal/platform/auth/jwt.go:51.57,52.104 1 0
github.com/noggrj/autorepair/internal/platform/auth/jwt.go:52.104,54.3 1 0
github.com/noggrj/autorepair/internal/platform/auth/jwt.go:56.2,56.16 1 0
github.com/noggrj/autorepair/internal/platform/auth/jwt.go:56.16,58.3 1 0
github.com/noggrj/autorepair/internal/platform/auth/jwt.go:60.2,60.61 1 0
github.com/noggrj/autorepair/internal/platform/auth/jwt.go:60.61,62.3 1 0
github.com/noggrj/autorepair/internal/platform/auth/jwt.go:64.2,64.41 1 0
github.com/noggrj/autorepair/internal/platform/errors/errors.go:12.62,15.83 3 1
github.com/noggrj/autorepair/internal/platform/errors/errors.go:15.83,18.3 1 0
github.com/noggrj/autorepair/internal/platform/errors/errors.go:21.56,23.2 1 0
github.com/noggrj/autorepair/internal/platform/errors/errors.go:25.58,27.2 1 1
github.com/noggrj/autorepair/internal/platform/errors/errors.go:29.55,31.2 1 0
github.com/noggrj/autorepair/internal/platform/errors/errors.go:33.54,35.2 1 0
github.com/noggrj/autorepair/internal/platform/errors/errors.go:37.65,39.2 1 0
